<?xml version="1.0" encoding="UTF-8"?>
<!-- Generated by org.testng.reporters.JUnitReportReporter -->
<testsuite hostname="ArkaDey-PC" name="Module.CSoftAS.AppTest" tests="1" failures="0" timestamp="23 Aug 2019 06:17:09 GMT" time="0.004" errors="0">
  <testcase name="testApp" time="0.004" classname="Module.CSoftAS.AppTest"/>
</testsuite> <!-- Module.CSoftAS.AppTest -->
