<?xml version="1.0" encoding="UTF-8"?>
<!-- Generated by org.testng.reporters.JUnitReportReporter -->
<testsuite hostname="ArkaDey-PC" name="Module.CSoftAS.LoginNegativeTest" tests="4" failures="0" timestamp="23 Aug 2019 06:34:58 GMT" time="29.425" errors="0">
  <testcase name="Negative_Login" time="6.752" classname="Module.CSoftAS.LoginNegativeTest"/>
  <testcase name="Negative_Login" time="7.799" classname="Module.CSoftAS.LoginNegativeTest"/>
  <testcase name="Negative_Login" time="8.092" classname="Module.CSoftAS.LoginNegativeTest"/>
  <testcase name="Negative_Login" time="6.782" classname="Module.CSoftAS.LoginNegativeTest"/>
</testsuite> <!-- Module.CSoftAS.LoginNegativeTest -->
