<?xml version="1.0" encoding="UTF-8"?>
<!-- Generated by org.testng.reporters.JUnitReportReporter -->
<testsuite hostname="ArkaDey-PC" name="Module.CSoftAS.LoginTest" tests="1" failures="0" timestamp="23 Aug 2019 06:38:27 GMT" time="7.664" errors="0">
  <testcase name="Possitive_Login" time="7.664" classname="Module.CSoftAS.LoginTest"/>
</testsuite> <!-- Module.CSoftAS.LoginTest -->
