<?xml version="1.0" encoding="UTF-8"?>
<!-- Generated by org.testng.reporters.JUnitReportReporter -->
<testsuite hostname="ArkaDey-PC" name="Module.CSoftAS.LoginTest" tests="1" failures="0" timestamp="26 Aug 2019 06:50:34 GMT" time="7.817" errors="0">
  <testcase name="Possitive_Login" time="7.817" classname="Module.CSoftAS.LoginTest"/>
</testsuite> <!-- Module.CSoftAS.LoginTest -->
