<?xml version="1.0" encoding="UTF-8"?>
<!-- Generated by org.testng.reporters.JUnitReportReporter -->
<testsuite hostname="ArkaDey-PC" name="Module.CSoftAS.LoginNegativeTest" tests="4" failures="0" timestamp="26 Aug 2019 06:50:34 GMT" time="26.296" errors="0">
  <testcase name="Negative_Login" time="6.320" classname="Module.CSoftAS.LoginNegativeTest"/>
  <testcase name="Negative_Login" time="5.913" classname="Module.CSoftAS.LoginNegativeTest"/>
  <testcase name="Negative_Login" time="8.329" classname="Module.CSoftAS.LoginNegativeTest"/>
  <testcase name="Negative_Login" time="5.734" classname="Module.CSoftAS.LoginNegativeTest"/>
</testsuite> <!-- Module.CSoftAS.LoginNegativeTest -->
